INFO    2016-09-14 12:38:57,794 [main] com.gofindo.controller.Application [] [] - Starting Application on Gofindos-MacBook-Air.local with PID 1089 (/Users/Gofindo/Documents/workspace/gofindo/target/classes started by Gofindo in /Users/Gofindo/Documents/workspace/gofindo)
INFO    2016-09-14 12:38:57,797 [main] com.gofindo.controller.Application [] [] - No active profile set, falling back to default profiles: default
INFO    2016-09-14 12:38:57,888 [main] org.springframework.boot.context.embedded.AnnotationConfigEmbeddedWebApplicationContext [] [] - Refreshing org.springframework.boot.context.embedded.AnnotationConfigEmbeddedWebApplicationContext@13c10b87: startup date [Wed Sep 14 12:38:57 IST 2016]; root of context hierarchy
INFO    2016-09-14 12:38:58,333 [background-preinit] org.hibernate.validator.internal.util.Version [] [] - HV000001: Hibernate Validator 5.2.4.Final
INFO    2016-09-14 12:38:59,878 [main] org.springframework.boot.context.embedded.tomcat.TomcatEmbeddedServletContainer [] [] - Tomcat initialized with port(s): 8080 (http)
INFO    2016-09-14 12:39:00,028 [localhost-startStop-1] org.springframework.web.context.ContextLoader [] [] - Root WebApplicationContext: initialization completed in 2144 ms
INFO    2016-09-14 12:39:00,237 [localhost-startStop-1] org.springframework.boot.web.servlet.FilterRegistrationBean [] [] - Mapping filter: 'characterEncodingFilter' to: [/*]
INFO    2016-09-14 12:39:00,238 [localhost-startStop-1] org.springframework.boot.web.servlet.FilterRegistrationBean [] [] - Mapping filter: 'hiddenHttpMethodFilter' to: [/*]
INFO    2016-09-14 12:39:00,239 [localhost-startStop-1] org.springframework.boot.web.servlet.FilterRegistrationBean [] [] - Mapping filter: 'httpPutFormContentFilter' to: [/*]
INFO    2016-09-14 12:39:00,239 [localhost-startStop-1] org.springframework.boot.web.servlet.FilterRegistrationBean [] [] - Mapping filter: 'requestContextFilter' to: [/*]
INFO    2016-09-14 12:39:00,239 [localhost-startStop-1] org.springframework.boot.context.embedded.FilterRegistrationBean [] [] - Mapping filter: 'filterController' to urls: [/user/*]
INFO    2016-09-14 12:39:00,239 [localhost-startStop-1] org.springframework.boot.web.servlet.ServletRegistrationBean [] [] - Mapping servlet: 'dispatcherServlet' to [/]
INFO    2016-09-14 12:39:00,637 [main] org.springframework.web.servlet.mvc.method.annotation.RequestMappingHandlerAdapter [] [] - Looking for @ControllerAdvice: org.springframework.boot.context.embedded.AnnotationConfigEmbeddedWebApplicationContext@13c10b87: startup date [Wed Sep 14 12:38:57 IST 2016]; root of context hierarchy
INFO    2016-09-14 12:39:00,719 [main] org.springframework.web.servlet.mvc.method.annotation.RequestMappingHandlerMapping [] [] - Mapped "{[/]}" onto public java.lang.String com.gofindo.controller.TestController.index()
INFO    2016-09-14 12:39:00,725 [main] org.springframework.web.servlet.mvc.method.annotation.RequestMappingHandlerMapping [] [] - Mapped "{[/error]}" onto public org.springframework.http.ResponseEntity<java.util.Map<java.lang.String, java.lang.Object>> org.springframework.boot.autoconfigure.web.BasicErrorController.error(javax.servlet.http.HttpServletRequest)
INFO    2016-09-14 12:39:00,725 [main] org.springframework.web.servlet.mvc.method.annotation.RequestMappingHandlerMapping [] [] - Mapped "{[/error],produces=[text/html]}" onto public org.springframework.web.servlet.ModelAndView org.springframework.boot.autoconfigure.web.BasicErrorController.errorHtml(javax.servlet.http.HttpServletRequest,javax.servlet.http.HttpServletResponse)
INFO    2016-09-14 12:39:00,766 [main] org.springframework.web.servlet.handler.SimpleUrlHandlerMapping [] [] - Mapped URL path [/webjars/**] onto handler of type [class org.springframework.web.servlet.resource.ResourceHttpRequestHandler]
INFO    2016-09-14 12:39:00,767 [main] org.springframework.web.servlet.handler.SimpleUrlHandlerMapping [] [] - Mapped URL path [/**] onto handler of type [class org.springframework.web.servlet.resource.ResourceHttpRequestHandler]
INFO    2016-09-14 12:39:00,841 [main] org.springframework.web.servlet.handler.SimpleUrlHandlerMapping [] [] - Mapped URL path [/**/favicon.ico] onto handler of type [class org.springframework.web.servlet.resource.ResourceHttpRequestHandler]
INFO    2016-09-14 12:39:01,045 [main] org.springframework.jmx.export.annotation.AnnotationMBeanExporter [] [] - Registering beans for JMX exposure on startup
INFO    2016-09-14 12:39:01,124 [main] org.springframework.boot.context.embedded.tomcat.TomcatEmbeddedServletContainer [] [] - Tomcat started on port(s): 8080 (http)
INFO    2016-09-14 12:39:01,128 [main] com.gofindo.controller.Application [] [] - Started Application in 3.855 seconds (JVM running for 4.347)
INFO    2016-09-14 12:40:55,354 [Thread-2] org.springframework.boot.context.embedded.AnnotationConfigEmbeddedWebApplicationContext [] [] - Closing org.springframework.boot.context.embedded.AnnotationConfigEmbeddedWebApplicationContext@13c10b87: startup date [Wed Sep 14 12:38:57 IST 2016]; root of context hierarchy
INFO    2016-09-14 12:40:55,356 [Thread-2] org.springframework.jmx.export.annotation.AnnotationMBeanExporter [] [] - Unregistering JMX-exposed beans on shutdown
INFO    2016-09-14 12:40:58,163 [main] com.gofindo.controller.Application [] [] - main is started.
INFO    2016-09-14 12:40:59,110 [main] com.gofindo.controller.Application [] [] - Starting Application on Gofindos-MacBook-Air.local with PID 1093 (/Users/Gofindo/Documents/workspace/gofindo/target/classes started by Gofindo in /Users/Gofindo/Documents/workspace/gofindo)
INFO    2016-09-14 12:40:59,111 [main] com.gofindo.controller.Application [] [] - No active profile set, falling back to default profiles: default
INFO    2016-09-14 12:40:59,206 [main] org.springframework.boot.context.embedded.AnnotationConfigEmbeddedWebApplicationContext [] [] - Refreshing org.springframework.boot.context.embedded.AnnotationConfigEmbeddedWebApplicationContext@7fc2413d: startup date [Wed Sep 14 12:40:59 IST 2016]; root of context hierarchy
INFO    2016-09-14 12:40:59,611 [background-preinit] org.hibernate.validator.internal.util.Version [] [] - HV000001: Hibernate Validator 5.2.4.Final
INFO    2016-09-14 12:41:00,970 [main] org.springframework.boot.context.embedded.tomcat.TomcatEmbeddedServletContainer [] [] - Tomcat initialized with port(s): 8080 (http)
INFO    2016-09-14 12:41:01,122 [localhost-startStop-1] org.springframework.web.context.ContextLoader [] [] - Root WebApplicationContext: initialization completed in 1921 ms
INFO    2016-09-14 12:41:01,335 [localhost-startStop-1] org.springframework.boot.web.servlet.FilterRegistrationBean [] [] - Mapping filter: 'characterEncodingFilter' to: [/*]
INFO    2016-09-14 12:41:01,336 [localhost-startStop-1] org.springframework.boot.web.servlet.FilterRegistrationBean [] [] - Mapping filter: 'hiddenHttpMethodFilter' to: [/*]
INFO    2016-09-14 12:41:01,336 [localhost-startStop-1] org.springframework.boot.web.servlet.FilterRegistrationBean [] [] - Mapping filter: 'httpPutFormContentFilter' to: [/*]
INFO    2016-09-14 12:41:01,336 [localhost-startStop-1] org.springframework.boot.web.servlet.FilterRegistrationBean [] [] - Mapping filter: 'requestContextFilter' to: [/*]
INFO    2016-09-14 12:41:01,336 [localhost-startStop-1] org.springframework.boot.context.embedded.FilterRegistrationBean [] [] - Mapping filter: 'filterController' to urls: [/user/*]
INFO    2016-09-14 12:41:01,337 [localhost-startStop-1] org.springframework.boot.web.servlet.ServletRegistrationBean [] [] - Mapping servlet: 'dispatcherServlet' to [/]
INFO    2016-09-14 12:41:01,724 [main] org.springframework.web.servlet.mvc.method.annotation.RequestMappingHandlerAdapter [] [] - Looking for @ControllerAdvice: org.springframework.boot.context.embedded.AnnotationConfigEmbeddedWebApplicationContext@7fc2413d: startup date [Wed Sep 14 12:40:59 IST 2016]; root of context hierarchy
INFO    2016-09-14 12:41:01,822 [main] org.springframework.web.servlet.mvc.method.annotation.RequestMappingHandlerMapping [] [] - Mapped "{[/]}" onto public java.lang.String com.gofindo.controller.TestController.index()
INFO    2016-09-14 12:41:01,828 [main] org.springframework.web.servlet.mvc.method.annotation.RequestMappingHandlerMapping [] [] - Mapped "{[/error]}" onto public org.springframework.http.ResponseEntity<java.util.Map<java.lang.String, java.lang.Object>> org.springframework.boot.autoconfigure.web.BasicErrorController.error(javax.servlet.http.HttpServletRequest)
INFO    2016-09-14 12:41:01,828 [main] org.springframework.web.servlet.mvc.method.annotation.RequestMappingHandlerMapping [] [] - Mapped "{[/error],produces=[text/html]}" onto public org.springframework.web.servlet.ModelAndView org.springframework.boot.autoconfigure.web.BasicErrorController.errorHtml(javax.servlet.http.HttpServletRequest,javax.servlet.http.HttpServletResponse)
INFO    2016-09-14 12:41:01,866 [main] org.springframework.web.servlet.handler.SimpleUrlHandlerMapping [] [] - Mapped URL path [/webjars/**] onto handler of type [class org.springframework.web.servlet.resource.ResourceHttpRequestHandler]
INFO    2016-09-14 12:41:01,866 [main] org.springframework.web.servlet.handler.SimpleUrlHandlerMapping [] [] - Mapped URL path [/**] onto handler of type [class org.springframework.web.servlet.resource.ResourceHttpRequestHandler]
INFO    2016-09-14 12:41:01,913 [main] org.springframework.web.servlet.handler.SimpleUrlHandlerMapping [] [] - Mapped URL path [/**/favicon.ico] onto handler of type [class org.springframework.web.servlet.resource.ResourceHttpRequestHandler]
INFO    2016-09-14 12:41:02,082 [main] org.springframework.jmx.export.annotation.AnnotationMBeanExporter [] [] - Registering beans for JMX exposure on startup
INFO    2016-09-14 12:41:02,161 [main] org.springframework.boot.context.embedded.tomcat.TomcatEmbeddedServletContainer [] [] - Tomcat started on port(s): 8080 (http)
INFO    2016-09-14 12:41:02,167 [main] com.gofindo.controller.Application [] [] - Started Application in 3.818 seconds (JVM running for 4.255)
INFO    2016-09-14 12:42:00,822 [Thread-2] org.springframework.boot.context.embedded.AnnotationConfigEmbeddedWebApplicationContext [] [] - Closing org.springframework.boot.context.embedded.AnnotationConfigEmbeddedWebApplicationContext@7fc2413d: startup date [Wed Sep 14 12:40:59 IST 2016]; root of context hierarchy
INFO    2016-09-14 12:42:00,824 [Thread-2] org.springframework.jmx.export.annotation.AnnotationMBeanExporter [] [] - Unregistering JMX-exposed beans on shutdown
INFO    2016-09-14 12:42:03,324 [main] com.gofindo.controller.Application []  - main is started.
INFO    2016-09-14 12:42:03,961 [main] com.gofindo.controller.Application []  - Starting Application on Gofindos-MacBook-Air.local with PID 1094 (/Users/Gofindo/Documents/workspace/gofindo/target/classes started by Gofindo in /Users/Gofindo/Documents/workspace/gofindo)
INFO    2016-09-14 12:42:03,961 [main] com.gofindo.controller.Application []  - No active profile set, falling back to default profiles: default
INFO    2016-09-14 12:42:04,061 [main] org.springframework.boot.context.embedded.AnnotationConfigEmbeddedWebApplicationContext []  - Refreshing org.springframework.boot.context.embedded.AnnotationConfigEmbeddedWebApplicationContext@7fc2413d: startup date [Wed Sep 14 12:42:04 IST 2016]; root of context hierarchy
INFO    2016-09-14 12:42:04,516 [background-preinit] org.hibernate.validator.internal.util.Version []  - HV000001: Hibernate Validator 5.2.4.Final
INFO    2016-09-14 12:42:05,868 [main] org.springframework.boot.context.embedded.tomcat.TomcatEmbeddedServletContainer []  - Tomcat initialized with port(s): 8080 (http)
INFO    2016-09-14 12:42:06,010 [localhost-startStop-1] org.springframework.web.context.ContextLoader []  - Root WebApplicationContext: initialization completed in 1954 ms
INFO    2016-09-14 12:42:06,224 [localhost-startStop-1] org.springframework.boot.web.servlet.FilterRegistrationBean []  - Mapping filter: 'characterEncodingFilter' to: [/*]
INFO    2016-09-14 12:42:06,225 [localhost-startStop-1] org.springframework.boot.web.servlet.FilterRegistrationBean []  - Mapping filter: 'hiddenHttpMethodFilter' to: [/*]
INFO    2016-09-14 12:42:06,225 [localhost-startStop-1] org.springframework.boot.web.servlet.FilterRegistrationBean []  - Mapping filter: 'httpPutFormContentFilter' to: [/*]
INFO    2016-09-14 12:42:06,225 [localhost-startStop-1] org.springframework.boot.web.servlet.FilterRegistrationBean []  - Mapping filter: 'requestContextFilter' to: [/*]
INFO    2016-09-14 12:42:06,226 [localhost-startStop-1] org.springframework.boot.context.embedded.FilterRegistrationBean []  - Mapping filter: 'filterController' to urls: [/user/*]
INFO    2016-09-14 12:42:06,226 [localhost-startStop-1] org.springframework.boot.web.servlet.ServletRegistrationBean []  - Mapping servlet: 'dispatcherServlet' to [/]
INFO    2016-09-14 12:42:06,593 [main] org.springframework.web.servlet.mvc.method.annotation.RequestMappingHandlerAdapter []  - Looking for @ControllerAdvice: org.springframework.boot.context.embedded.AnnotationConfigEmbeddedWebApplicationContext@7fc2413d: startup date [Wed Sep 14 12:42:04 IST 2016]; root of context hierarchy
INFO    2016-09-14 12:42:06,682 [main] org.springframework.web.servlet.mvc.method.annotation.RequestMappingHandlerMapping []  - Mapped "{[/]}" onto public java.lang.String com.gofindo.controller.TestController.index()
INFO    2016-09-14 12:42:06,687 [main] org.springframework.web.servlet.mvc.method.annotation.RequestMappingHandlerMapping []  - Mapped "{[/error]}" onto public org.springframework.http.ResponseEntity<java.util.Map<java.lang.String, java.lang.Object>> org.springframework.boot.autoconfigure.web.BasicErrorController.error(javax.servlet.http.HttpServletRequest)
INFO    2016-09-14 12:42:06,688 [main] org.springframework.web.servlet.mvc.method.annotation.RequestMappingHandlerMapping []  - Mapped "{[/error],produces=[text/html]}" onto public org.springframework.web.servlet.ModelAndView org.springframework.boot.autoconfigure.web.BasicErrorController.errorHtml(javax.servlet.http.HttpServletRequest,javax.servlet.http.HttpServletResponse)
INFO    2016-09-14 12:42:06,719 [main] org.springframework.web.servlet.handler.SimpleUrlHandlerMapping []  - Mapped URL path [/webjars/**] onto handler of type [class org.springframework.web.servlet.resource.ResourceHttpRequestHandler]
INFO    2016-09-14 12:42:06,720 [main] org.springframework.web.servlet.handler.SimpleUrlHandlerMapping []  - Mapped URL path [/**] onto handler of type [class org.springframework.web.servlet.resource.ResourceHttpRequestHandler]
INFO    2016-09-14 12:42:06,770 [main] org.springframework.web.servlet.handler.SimpleUrlHandlerMapping []  - Mapped URL path [/**/favicon.ico] onto handler of type [class org.springframework.web.servlet.resource.ResourceHttpRequestHandler]
INFO    2016-09-14 12:42:06,968 [main] org.springframework.jmx.export.annotation.AnnotationMBeanExporter []  - Registering beans for JMX exposure on startup
INFO    2016-09-14 12:42:07,049 [main] org.springframework.boot.context.embedded.tomcat.TomcatEmbeddedServletContainer []  - Tomcat started on port(s): 8080 (http)
INFO    2016-09-14 12:42:07,056 [main] com.gofindo.controller.Application []  - Started Application in 3.551 seconds (JVM running for 3.944)
INFO    2016-09-14 12:42:18,271 [http-nio-8080-exec-1] org.springframework.web.servlet.DispatcherServlet []  - FrameworkServlet 'dispatcherServlet': initialization started
INFO    2016-09-14 12:42:18,295 [http-nio-8080-exec-1] org.springframework.web.servlet.DispatcherServlet []  - FrameworkServlet 'dispatcherServlet': initialization completed in 24 ms
INFO    2016-09-14 12:43:54,317 [Thread-2] org.springframework.boot.context.embedded.AnnotationConfigEmbeddedWebApplicationContext []  - Closing org.springframework.boot.context.embedded.AnnotationConfigEmbeddedWebApplicationContext@7fc2413d: startup date [Wed Sep 14 12:42:04 IST 2016]; root of context hierarchy
INFO    2016-09-14 12:43:54,320 [Thread-2] org.springframework.jmx.export.annotation.AnnotationMBeanExporter []  - Unregistering JMX-exposed beans on shutdown
INFO    2016-09-14 12:43:56,654 [main] com.gofindo.controller.Application []  - main is started.
INFO    2016-09-14 12:43:57,631 [main] com.gofindo.controller.Application []  - Starting Application on Gofindos-MacBook-Air.local with PID 1095 (/Users/Gofindo/Documents/workspace/gofindo/target/classes started by Gofindo in /Users/Gofindo/Documents/workspace/gofindo)
INFO    2016-09-14 12:43:57,631 [main] com.gofindo.controller.Application []  - No active profile set, falling back to default profiles: default
INFO    2016-09-14 12:43:57,714 [main] org.springframework.boot.context.embedded.AnnotationConfigEmbeddedWebApplicationContext []  - Refreshing org.springframework.boot.context.embedded.AnnotationConfigEmbeddedWebApplicationContext@7fc2413d: startup date [Wed Sep 14 12:43:57 IST 2016]; root of context hierarchy
INFO    2016-09-14 12:43:58,165 [background-preinit] org.hibernate.validator.internal.util.Version []  - HV000001: Hibernate Validator 5.2.4.Final
INFO    2016-09-14 12:43:59,451 [main] org.springframework.boot.context.embedded.tomcat.TomcatEmbeddedServletContainer []  - Tomcat initialized with port(s): 8080 (http)
INFO    2016-09-14 12:43:59,600 [localhost-startStop-1] org.springframework.web.context.ContextLoader []  - Root WebApplicationContext: initialization completed in 1891 ms
INFO    2016-09-14 12:43:59,629 [localhost-startStop-1] com.gofindo.controller.Application []  - Filtering captured.
INFO    2016-09-14 12:43:59,855 [localhost-startStop-1] org.springframework.boot.web.servlet.FilterRegistrationBean []  - Mapping filter: 'characterEncodingFilter' to: [/*]
INFO    2016-09-14 12:43:59,856 [localhost-startStop-1] org.springframework.boot.web.servlet.FilterRegistrationBean []  - Mapping filter: 'hiddenHttpMethodFilter' to: [/*]
INFO    2016-09-14 12:43:59,856 [localhost-startStop-1] org.springframework.boot.web.servlet.FilterRegistrationBean []  - Mapping filter: 'httpPutFormContentFilter' to: [/*]
INFO    2016-09-14 12:43:59,856 [localhost-startStop-1] org.springframework.boot.web.servlet.FilterRegistrationBean []  - Mapping filter: 'requestContextFilter' to: [/*]
INFO    2016-09-14 12:43:59,856 [localhost-startStop-1] org.springframework.boot.context.embedded.FilterRegistrationBean []  - Mapping filter: 'filterController' to urls: [/user/*]
INFO    2016-09-14 12:43:59,856 [localhost-startStop-1] org.springframework.boot.web.servlet.ServletRegistrationBean []  - Mapping servlet: 'dispatcherServlet' to [/]
INFO    2016-09-14 12:44:00,258 [main] org.springframework.web.servlet.mvc.method.annotation.RequestMappingHandlerAdapter []  - Looking for @ControllerAdvice: org.springframework.boot.context.embedded.AnnotationConfigEmbeddedWebApplicationContext@7fc2413d: startup date [Wed Sep 14 12:43:57 IST 2016]; root of context hierarchy
INFO    2016-09-14 12:44:00,374 [main] org.springframework.web.servlet.mvc.method.annotation.RequestMappingHandlerMapping []  - Mapped "{[/]}" onto public java.lang.String com.gofindo.controller.TestController.index()
INFO    2016-09-14 12:44:00,378 [main] org.springframework.web.servlet.mvc.method.annotation.RequestMappingHandlerMapping []  - Mapped "{[/error]}" onto public org.springframework.http.ResponseEntity<java.util.Map<java.lang.String, java.lang.Object>> org.springframework.boot.autoconfigure.web.BasicErrorController.error(javax.servlet.http.HttpServletRequest)
INFO    2016-09-14 12:44:00,378 [main] org.springframework.web.servlet.mvc.method.annotation.RequestMappingHandlerMapping []  - Mapped "{[/error],produces=[text/html]}" onto public org.springframework.web.servlet.ModelAndView org.springframework.boot.autoconfigure.web.BasicErrorController.errorHtml(javax.servlet.http.HttpServletRequest,javax.servlet.http.HttpServletResponse)
INFO    2016-09-14 12:44:00,420 [main] org.springframework.web.servlet.handler.SimpleUrlHandlerMapping []  - Mapped URL path [/webjars/**] onto handler of type [class org.springframework.web.servlet.resource.ResourceHttpRequestHandler]
INFO    2016-09-14 12:44:00,420 [main] org.springframework.web.servlet.handler.SimpleUrlHandlerMapping []  - Mapped URL path [/**] onto handler of type [class org.springframework.web.servlet.resource.ResourceHttpRequestHandler]
INFO    2016-09-14 12:44:00,469 [main] org.springframework.web.servlet.handler.SimpleUrlHandlerMapping []  - Mapped URL path [/**/favicon.ico] onto handler of type [class org.springframework.web.servlet.resource.ResourceHttpRequestHandler]
INFO    2016-09-14 12:44:00,658 [main] org.springframework.jmx.export.annotation.AnnotationMBeanExporter []  - Registering beans for JMX exposure on startup
INFO    2016-09-14 12:44:00,737 [main] org.springframework.boot.context.embedded.tomcat.TomcatEmbeddedServletContainer []  - Tomcat started on port(s): 8080 (http)
INFO    2016-09-14 12:44:00,743 [main] com.gofindo.controller.Application []  - Started Application in 3.908 seconds (JVM running for 4.309)
